<?xml version="1.0" encoding="UTF-8"?>
<testsuite name="app.MainTest" tests="5" skipped="0" failures="0" errors="0" timestamp="2020-11-25T15:30:18" hostname="WIN-EMTEV84G3EN" time="0.015">
  <properties/>
  <testcase name="test1" classname="app.MainTest" time="0.01"/>
  <testcase name="test2" classname="app.MainTest" time="0.001"/>
  <testcase name="test3" classname="app.MainTest" time="0.001"/>
  <testcase name="test4" classname="app.MainTest" time="0.0"/>
  <testcase name="test5" classname="app.MainTest" time="0.0"/>
  <system-out><![CDATA[]]></system-out>
  <system-err><![CDATA[]]></system-err>
</testsuite>
