<?xml version="1.0" encoding="UTF-8"?>
<testsuite name="MainTest" tests="5" skipped="0" failures="0" errors="0" timestamp="2020-11-24T16:06:28" hostname="WIN-EMTEV84G3EN" time="0.017">
  <properties/>
  <testcase name="test1()" classname="MainTest" time="0.012"/>
  <testcase name="test2()" classname="MainTest" time="0.001"/>
  <testcase name="test3()" classname="MainTest" time="0.001"/>
  <testcase name="test4()" classname="MainTest" time="0.001"/>
  <testcase name="test5()" classname="MainTest" time="0.0"/>
  <system-out><![CDATA[]]></system-out>
  <system-err><![CDATA[]]></system-err>
</testsuite>
