<?xml version="1.0" encoding="UTF-8"?>
<testsuite name="app.MainTest" tests="5" skipped="0" failures="0" errors="0" timestamp="2020-11-26T14:04:30" hostname="ws-9e979f59-2f8c-4fd8-8459-222d92a406b6" time="0.024">
  <properties/>
  <testcase name="test1" classname="app.MainTest" time="0.014"/>
  <testcase name="test2" classname="app.MainTest" time="0.001"/>
  <testcase name="test3" classname="app.MainTest" time="0.001"/>
  <testcase name="test4" classname="app.MainTest" time="0.001"/>
  <testcase name="test5" classname="app.MainTest" time="0.001"/>
  <system-out><![CDATA[]]></system-out>
  <system-err><![CDATA[]]></system-err>
</testsuite>
